TN:
SF:src\modules\appointments\services\CreateAppointmentService.ts
FN:16,(anonymous_18)
FN:17,CreateAppointmentService
FN:27,(anonymous_20)
FNF:3
FNH:3
FNDA:1,(anonymous_18)
FNDA:5,CreateAppointmentService
FNDA:7,(anonymous_20)
DA:1,1
DA:3,1
DA:4,1
DA:16,1
DA:19,5
DA:21,5
DA:23,5
DA:27,1
DA:28,7
DA:29,7
DA:30,7
DA:32,7
DA:34,7
DA:35,2
DA:40,5
DA:44,5
DA:45,1
DA:48,4
DA:49,1
DA:52,3
DA:53,1
DA:56,2
DA:58,2
DA:64,4
DA:70,4
DA:72,2
DA:74,1
DA:76,1
LF:28
LH:28
BRDA:34,0,0,2
BRDA:34,0,1,5
BRDA:44,1,0,1
BRDA:44,1,1,4
BRDA:48,2,0,1
BRDA:48,2,1,3
BRDA:48,3,0,4
BRDA:48,3,1,4
BRDA:52,4,0,1
BRDA:52,4,1,2
BRF:10
BRH:10
end_of_record
TN:
SF:src\modules\appointments\services\ListProviderAppointmentsService.ts
FN:15,(anonymous_17)
FN:16,ListProviderAppointmentsService
FN:23,(anonymous_19)
FNF:3
FNH:3
FNDA:1,(anonymous_17)
FNDA:1,ListProviderAppointmentsService
FNDA:1,(anonymous_19)
DA:1,1
DA:15,1
DA:18,1
DA:20,1
DA:23,1
DA:25,1
DA:26,1
DA:28,1
DA:29,1
DA:35,1
DA:36,2
DA:39,1
DA:41,1
DA:43,1
LF:14
LH:14
BRDA:39,0,0,1
BRDA:28,1,0,0
BRDA:28,1,1,1
BRF:3
BRH:2
end_of_record
TN:
SF:src\modules\appointments\services\ListProviderDayAvailabilityService.ts
FN:18,(anonymous_17)
FN:19,ListProviderDayAvailabilityService
FN:24,(anonymous_19)
FN:38,(anonymous_22)
FN:43,(anonymous_23)
FN:45,(anonymous_24)
FNF:6
FNH:6
FNDA:1,(anonymous_17)
FNDA:1,ListProviderDayAvailabilityService
FNDA:1,(anonymous_19)
FNDA:10,(anonymous_22)
FNDA:10,(anonymous_23)
FNDA:19,(anonymous_24)
DA:1,1
DA:2,1
DA:18,1
DA:21,1
DA:24,1
DA:25,1
DA:34,1
DA:36,1
DA:38,10
DA:41,1
DA:43,1
DA:44,10
DA:45,19
DA:47,10
DA:49,10
DA:55,1
DA:58,1
DA:60,1
LF:18
LH:18
BRDA:25,0,0,1
BRDA:51,1,0,10
BRDA:51,1,1,8
BRF:3
BRH:3
end_of_record
TN:
SF:src\modules\appointments\services\ListProviderMonthAvailabilityService.ts
FN:17,(anonymous_17)
FN:18,ListProviderMonthAvailabilityService
FN:23,(anonymous_19)
FN:31,(anonymous_22)
FN:33,(anonymous_23)
FN:34,(anonymous_24)
FNF:6
FNH:6
FNDA:1,(anonymous_17)
FNDA:1,ListProviderMonthAvailabilityService
FNDA:1,(anonymous_19)
FNDA:31,(anonymous_22)
FNDA:31,(anonymous_23)
FNDA:403,(anonymous_24)
DA:1,1
DA:2,1
DA:17,1
DA:20,1
DA:23,1
DA:24,1
DA:27,1
DA:29,1
DA:31,31
DA:33,1
DA:34,31
DA:35,403
DA:38,31
DA:45,1
DA:48,1
DA:50,1
LF:16
LH:16
BRDA:24,0,0,1
BRF:1
BRH:1
end_of_record
TN:
SF:src\modules\appointments\services\ListProvidersService.ts
FN:11,(anonymous_17)
FN:12,ListProvidersService
FN:19,(anonymous_19)
FNF:3
FNH:3
FNDA:1,(anonymous_17)
FNDA:1,ListProvidersService
FNDA:1,(anonymous_19)
DA:1,1
DA:11,1
DA:14,1
DA:16,1
DA:19,1
DA:21,1
DA:23,1
DA:24,1
DA:28,1
DA:30,2
DA:33,1
DA:35,1
DA:37,1
LF:13
LH:13
BRDA:21,0,0,1
BRDA:21,0,1,1
BRDA:23,1,0,0
BRDA:23,1,1,1
BRF:4
BRH:3
end_of_record
TN:
SF:src\modules\users\services\AuthenticateUserService.ts
FN:20,(anonymous_18)
FN:21,AuthenticateUserService
FN:29,(anonymous_20)
FNF:3
FNH:3
FNDA:1,(anonymous_18)
FNDA:3,AuthenticateUserService
FNDA:3,(anonymous_20)
DA:1,1
DA:2,1
DA:3,1
DA:4,1
DA:20,1
DA:23,3
DA:26,3
DA:29,1
DA:30,3
DA:31,3
DA:33,3
DA:35,3
DA:36,1
DA:39,2
DA:41,2
DA:42,1
DA:45,1
DA:47,1
DA:52,1
DA:54,1
DA:56,1
LF:21
LH:21
BRDA:33,0,0,3
BRDA:35,1,0,1
BRDA:35,1,1,2
BRDA:41,2,0,1
BRDA:41,2,1,1
BRF:5
BRH:5
end_of_record
TN:
SF:src\modules\users\services\CreateUserService.ts
FN:15,(anonymous_18)
FN:16,CreateUserService
FN:25,(anonymous_20)
FNF:3
FNH:3
FNDA:2,(anonymous_18)
FNDA:5,CreateUserService
FNDA:5,(anonymous_20)
DA:2,2
DA:6,2
DA:15,2
DA:18,5
DA:20,5
DA:22,5
DA:25,5
DA:26,5
DA:28,5
DA:29,5
DA:30,1
DA:33,4
DA:39,8
DA:41,4
DA:43,2
DA:45,2
LF:16
LH:16
BRDA:26,0,0,5
BRDA:29,1,0,1
BRDA:29,1,1,4
BRF:3
BRH:3
end_of_record
TN:
SF:src\modules\users\services\ResetPasswordService.ts
FN:13,(anonymous_18)
FN:14,ResetPasswordService
FN:25,(anonymous_20)
FNF:3
FNH:3
FNDA:1,(anonymous_18)
FNDA:4,ResetPasswordService
FNDA:4,(anonymous_20)
DA:1,1
DA:5,1
DA:6,1
DA:13,1
DA:16,4
DA:19,4
DA:22,4
DA:25,4
DA:26,4
DA:28,4
DA:29,1
DA:32,3
DA:34,3
DA:35,1
DA:37,2
DA:38,2
DA:40,2
DA:41,1
DA:43,1
DA:45,2
DA:47,1
DA:49,1
LF:22
LH:22
BRDA:26,0,0,4
BRDA:28,1,0,1
BRDA:28,1,1,3
BRDA:34,2,0,1
BRDA:34,2,1,2
BRDA:40,3,0,1
BRDA:40,3,1,1
BRF:7
BRH:7
end_of_record
TN:
SF:src\modules\users\services\SendForgotPasswordEmailService.ts
FN:13,(anonymous_18)
FN:14,SendForgotPasswordEmailService
FN:23,(anonymous_20)
FNF:3
FNH:3
FNDA:1,(anonymous_18)
FNDA:3,SendForgotPasswordEmailService
FNDA:3,(anonymous_20)
DA:1,1
DA:5,1
DA:6,1
DA:13,1
DA:16,3
DA:18,3
DA:20,3
DA:23,3
DA:24,3
DA:25,3
DA:26,1
DA:29,2
DA:31,2
DA:32,4
DA:47,1
DA:49,1
LF:16
LH:16
BRDA:24,0,0,3
BRDA:25,1,0,1
BRDA:25,1,1,2
BRF:3
BRH:3
end_of_record
TN:
SF:src\modules\users\services\ShowProfileService.ts
FN:12,(anonymous_18)
FN:13,ShowProfileService
FN:18,(anonymous_20)
FNF:3
FNH:3
FNDA:1,(anonymous_18)
FNDA:2,ShowProfileService
FNDA:2,(anonymous_20)
DA:2,1
DA:4,1
DA:12,1
DA:15,2
DA:18,2
DA:19,2
DA:21,2
DA:22,1
DA:25,1
DA:27,1
DA:29,1
DA:31,1
LF:12
LH:12
BRDA:19,0,0,2
BRDA:21,1,0,1
BRDA:21,1,1,1
BRF:3
BRH:3
end_of_record
TN:
SF:src\modules\users\services\UpdateProfileService.ts
FN:17,(anonymous_18)
FN:18,UpdateProfileService
FN:25,(anonymous_20)
FNF:3
FNH:3
FNDA:1,(anonymous_18)
FNDA:6,UpdateProfileService
FNDA:6,(anonymous_20)
DA:3,1
DA:5,1
DA:17,1
DA:20,6
DA:22,6
DA:25,6
DA:26,6
DA:28,6
DA:29,1
DA:32,5
DA:34,5
DA:35,1
DA:38,4
DA:39,4
DA:41,4
DA:42,1
DA:45,4
DA:46,2
DA:48,2
DA:49,1
DA:51,1
DA:53,2
DA:55,1
DA:57,1
LF:24
LH:24
BRDA:26,0,0,6
BRDA:26,0,1,2
BRDA:28,1,0,1
BRDA:28,1,1,5
BRDA:34,2,0,1
BRDA:34,2,1,4
BRDA:34,3,0,5
BRDA:34,3,1,1
BRDA:41,4,0,1
BRDA:41,4,1,3
BRDA:41,5,0,4
BRDA:41,5,1,3
BRDA:45,6,0,1
BRDA:45,6,1,2
BRDA:45,7,0,3
BRDA:45,7,1,2
BRDA:48,8,0,1
BRDA:48,8,1,1
BRF:18
BRH:18
end_of_record
TN:
SF:src\modules\users\services\UpdateUserAvatarService.ts
FN:13,(anonymous_18)
FN:14,UpdateUserAvatarService
FN:21,(anonymous_20)
FNF:3
FNH:3
FNDA:1,(anonymous_18)
FNDA:4,UpdateUserAvatarService
FNDA:4,(anonymous_20)
DA:1,1
DA:3,1
DA:13,1
DA:16,4
DA:18,4
DA:21,1
DA:22,4
DA:23,4
DA:25,4
DA:27,4
DA:28,1
DA:31,3
DA:32,1
DA:35,3
DA:37,3
DA:39,6
DA:41,3
DA:43,1
DA:45,1
LF:19
LH:19
BRDA:25,0,0,4
BRDA:27,1,0,1
BRDA:27,1,1,3
BRDA:31,2,0,1
BRDA:31,2,1,2
BRF:5
BRH:5
end_of_record
